<?xml version="1.0" encoding="UTF-8"?>
<Site BuildName=""
	BuildStamp="20111214-1102-Experimental"
	Name=""
	Generator="ctest-2.8.5"
	CompilerName=""
	OSName="Linux"
	Hostname="mia-Precision-M4500"
	OSRelease="3.0.0-14-generic-pae"
	OSVersion="#23-Ubuntu SMP Mon Nov 21 22:07:10 UTC 2011"
	OSPlatform="i686"
	Is64Bits="0"
	VendorString="GenuineIntel"
	VendorID="Intel Corporation"
	FamilyID="6"
	ModelID="37"
	ProcessorCacheSize="4096"
	NumberOfLogicalCPU="4"
	NumberOfPhysicalCPU="2"
	TotalVirtualMemory="4020"
	TotalPhysicalMemory="3955"
	LogicalProcessorsPerPhysical="2"
	ProcessorClockFrequency="1199"
>
<Testing>
	<StartDateTime>Dec 14 12:02 CET</StartDateTime>
	<StartTestTime>1323860531</StartTestTime>
	<TestList>
	</TestList>
	<EndDateTime>Dec 14 12:02 CET</EndDateTime>
	<EndTestTime>1323860531</EndTestTime>
<ElapsedMinutes>0</ElapsedMinutes></Testing>
</Site>
